<?xml version="1.0" encoding="UTF-8"?>
<testng-results skipped="0" failed="0" ignored="0" total="2" passed="2">
  <reporter-output>
  </reporter-output>
  <suite name="Suite" duration-ms="72451" started-at="2020-11-19T07:52:32 IST" finished-at="2020-11-19T07:53:45 IST">
    <groups>
    </groups>
    <test name="ChromeTest" duration-ms="60301" started-at="2020-11-19T07:52:32 IST" finished-at="2020-11-19T07:53:32 IST">
      <class name="com.google.gmail.testscripts.TC001">
        <test-method status="PASS" signature="openApp(java.lang.String, java.lang.String, java.lang.String, java.lang.String)[pri:0, instance:com.google.gmail.testscripts.TC001@4fe3c938]" name="openApp" is-config="true" duration-ms="17620" started-at="2020-11-19T07:52:32 IST" finished-at="2020-11-19T07:52:50 IST">
          <params>
            <param index="0">
              <value>
                <![CDATA[chrome]]>
              </value>
            </param>
            <param index="1">
              <value>
                <![CDATA[http://automationpractice.com/]]>
              </value>
            </param>
            <param index="2">
              <value>
                <![CDATA[10]]>
              </value>
            </param>
            <param index="3">
              <value>
                <![CDATA[10]]>
              </value>
            </param>
          </params>
          <reporter-output>
          </reporter-output>
        </test-method> <!-- openApp -->
        <test-method status="PASS" signature="loginToApp(java.lang.String, java.lang.String)[pri:0, instance:com.google.gmail.testscripts.TC001@4fe3c938]" name="loginToApp" is-config="true" duration-ms="13636" started-at="2020-11-19T07:52:50 IST" finished-at="2020-11-19T07:53:04 IST">
          <params>
            <param index="0">
              <value>
                <![CDATA[nameishemanth@gmail.com]]>
              </value>
            </param>
            <param index="1">
              <value>
                <![CDATA[Testing@123]]>
              </value>
            </param>
          </params>
          <reporter-output>
          </reporter-output>
        </test-method> <!-- loginToApp -->
        <test-method status="PASS" signature="testProductIsDiplayedInODP()[pri:0, instance:com.google.gmail.testscripts.TC001@4fe3c938]" name="testProductIsDiplayedInODP" duration-ms="21453" started-at="2020-11-19T07:53:04 IST" description="Verify whether selected product is displayed in Order Detail Page" finished-at="2020-11-19T07:53:25 IST">
          <reporter-output>
          </reporter-output>
        </test-method> <!-- testProductIsDiplayedInODP -->
        <test-method status="PASS" signature="logout(org.testng.ITestResult)[pri:0, instance:com.google.gmail.testscripts.TC001@4fe3c938]" name="logout" is-config="true" duration-ms="2931" started-at="2020-11-19T07:53:25 IST" finished-at="2020-11-19T07:53:28 IST">
          <params>
            <param index="0">
              <value>
                <![CDATA[[TestResult name=testProductIsDiplayedInODP status=SUCCESS method=TC001.testProductIsDiplayedInODP()[pri:0, instance:com.google.gmail.testscripts.TC001@4fe3c938] output={null}]]]>
              </value>
            </param>
          </params>
          <reporter-output>
          </reporter-output>
        </test-method> <!-- logout -->
        <test-method status="PASS" signature="closeApp()[pri:0, instance:com.google.gmail.testscripts.TC001@4fe3c938]" name="closeApp" is-config="true" duration-ms="4522" started-at="2020-11-19T07:53:28 IST" finished-at="2020-11-19T07:53:32 IST">
          <reporter-output>
          </reporter-output>
        </test-method> <!-- closeApp -->
      </class> <!-- com.google.gmail.testscripts.TC001 -->
    </test> <!-- ChromeTest -->
    <test name="FirefoxTest" duration-ms="72449" started-at="2020-11-19T07:52:32 IST" finished-at="2020-11-19T07:53:45 IST">
      <class name="com.google.gmail.testscripts.TC001">
        <test-method status="PASS" signature="openApp(java.lang.String, java.lang.String, java.lang.String, java.lang.String)[pri:0, instance:com.google.gmail.testscripts.TC001@4f970963]" name="openApp" is-config="true" duration-ms="39058" started-at="2020-11-19T07:52:32 IST" finished-at="2020-11-19T07:53:11 IST">
          <params>
            <param index="0">
              <value>
                <![CDATA[firefox]]>
              </value>
            </param>
            <param index="1">
              <value>
                <![CDATA[http://automationpractice.com/]]>
              </value>
            </param>
            <param index="2">
              <value>
                <![CDATA[15]]>
              </value>
            </param>
            <param index="3">
              <value>
                <![CDATA[15]]>
              </value>
            </param>
          </params>
          <reporter-output>
          </reporter-output>
        </test-method> <!-- openApp -->
        <test-method status="PASS" signature="loginToApp(java.lang.String, java.lang.String)[pri:0, instance:com.google.gmail.testscripts.TC001@4f970963]" name="loginToApp" is-config="true" duration-ms="8529" started-at="2020-11-19T07:53:11 IST" finished-at="2020-11-19T07:53:20 IST">
          <params>
            <param index="0">
              <value>
                <![CDATA[nameishemanth@gmail.com]]>
              </value>
            </param>
            <param index="1">
              <value>
                <![CDATA[Testing@123]]>
              </value>
            </param>
          </params>
          <reporter-output>
          </reporter-output>
        </test-method> <!-- loginToApp -->
        <test-method status="PASS" signature="testProductIsDiplayedInODP()[pri:0, instance:com.google.gmail.testscripts.TC001@4f970963]" name="testProductIsDiplayedInODP" duration-ms="14437" started-at="2020-11-19T07:53:20 IST" description="Verify whether selected product is displayed in Order Detail Page" finished-at="2020-11-19T07:53:34 IST">
          <reporter-output>
          </reporter-output>
        </test-method> <!-- testProductIsDiplayedInODP -->
        <test-method status="PASS" signature="logout(org.testng.ITestResult)[pri:0, instance:com.google.gmail.testscripts.TC001@4f970963]" name="logout" is-config="true" duration-ms="2391" started-at="2020-11-19T07:53:34 IST" finished-at="2020-11-19T07:53:37 IST">
          <params>
            <param index="0">
              <value>
                <![CDATA[[TestResult name=testProductIsDiplayedInODP status=SUCCESS method=TC001.testProductIsDiplayedInODP()[pri:0, instance:com.google.gmail.testscripts.TC001@4f970963] output={null}]]]>
              </value>
            </param>
          </params>
          <reporter-output>
          </reporter-output>
        </test-method> <!-- logout -->
        <test-method status="PASS" signature="closeApp()[pri:0, instance:com.google.gmail.testscripts.TC001@4f970963]" name="closeApp" is-config="true" duration-ms="7987" started-at="2020-11-19T07:53:37 IST" finished-at="2020-11-19T07:53:45 IST">
          <reporter-output>
          </reporter-output>
        </test-method> <!-- closeApp -->
      </class> <!-- com.google.gmail.testscripts.TC001 -->
    </test> <!-- FirefoxTest -->
  </suite> <!-- Suite -->
</testng-results>
